# --------------------------------------------------------------------
# ID Desc
# 1  2
cat rules/EN_16831-1_R*.txt | awk -F'\t' 'BEGIN { n=0; }
{
  if ($1!="") {
    print "$.data[" n "].num",n;
    print "$.data[" n "].ID",$1;
    print "$.data[" n "].Desc",$2;
  }
  n=n+1;
}' | makrj.sh | sed "s/^\(\"[^\":,]*\":\),/\1null,/" > rules/EN_16831-1_rules.json
+ cat rules/EN_16831-1_R_VAT.txt rules/EN_16831-1_Rconditions.txt rules/EN_16831-1_Rfunctionality.txt rules/EN_16831-1_Rintegrity.txt
+ awk '-F\t' 'BEGIN { n=0; }
{
  if ($1!="") {
    print "$.data[" n "].num",n;
    print "$.data[" n "].ID",$1;
    print "$.data[" n "].Desc",$2;
  }
  n=n+1;
}'
+ makrj.sh
+ sed 's/^\("[^":,]*":\),/\1null,/'
