# --------------------------------------------------------------------
# ID Desc
# 1  2
cat rules/EN_16831-1_functionality.txt rules/EN_16831-1_VAT.txt | awk -F'\t' 'BEGIN { n=0; }
{
  if (n>0 && $1!="") {
    print "$.data[" n "].num",n;
    print "$.data[" n "].ID",$1;
    print "$.data[" n "].Desc",$2;
  }
  n=n+1;
}' | makrj.sh | sed "s/^\(\"[^\":,]*\":\),/\1null,/" > rules/EN_16831-1_rules.json
+ cat rules/EN_16831-1_functionality.txt rules/EN_16831-1_VAT.txt
+ awk '-F\t' 'BEGIN { n=0; }
{
  if (n>0 && $1!="") {
    print "$.data[" n "].num",n;
    print "$.data[" n "].ID",$1;
    print "$.data[" n "].Desc",$2;
  }
  n=n+1;
}'
+ makrj.sh
+ sed 's/^\("[^":,]*":\),/\1null,/'
# ID Target Desc
# 1  2      3
cat rules/EN_16831-1_conditions.txt rules/EN_16831-1_integrity.txt | awk -F'\t' 'BEGIN { n=0; }
{
  if (n>0 && $1!="") {
    print "$.data[" n "].num",n;
    print "$.data[" n "].ID",$1;
    print "$.data[" n "].Target",$2;
    print "$.data[" n "].Desc",$3;
  }
  n=n+1;
}' | makrj.sh | sed "s/^\(\"[^\":,]*\":\),/\1null,/" > rules/EN_16831-1_rules2.json
+ cat rules/EN_16831-1_conditions.txt rules/EN_16831-1_integrity.txt
+ awk '-F\t' 'BEGIN { n=0; }
{
  if (n>0 && $1!="") {
    print "$.data[" n "].num",n;
    print "$.data[" n "].ID",$1;
    print "$.data[" n "].Target",$2;
    print "$.data[" n "].Desc",$3;
  }
  n=n+1;
}'
+ makrj.sh
+ sed 's/^\("[^":,]*":\),/\1null,/'
