# --------------------------------------------------------------------
# ID Level Card BusinessTerm Desc UsageNote ReqID SemanticDataType
# 1  2     3    4            5    6         7     8
cat rules/EN_16831-1_table2.txt | awk -F'\t' 'BEGIN { n=0; }
{
  if (n>0 && $1!="") {
    print "$.data[" n "].num",n;
    print "$.data[" n "].ID",$1;
    print "$.data[" n "].Level",$2;
    print "$.data[" n "].Card",$3;
    print "$.data[" n "].BusinessTerm",$4;
    print "$.data[" n "].Desc",$5;
    print "$.data[" n "].UsageNote",$6;
    print "$.data[" n "].ReqID",$7;
    print "$.data[" n "].SemanticDataType",$8;
  }
  n=n+1;
}' | makrj.sh | sed "s/^\(\"[^\":,]*\":\),/\1null,/" > rules/EN_16831-1_table2.json
+ cat rules/EN_16831-1_table2.txt
+ awk '-F\t' 'BEGIN { n=0; }
+ makrj.sh
{
  if (n>0 && $1!="") {
    print "$.data[" n "].num",n;
    print "$.data[" n "].ID",$1;
    print "$.data[" n "].Level",$2;
    print "$.data[" n "].Card",$3;
    print "$.data[" n "].BusinessTerm",$4;
    print "$.data[" n "].Desc",$5;
    print "$.data[" n "].UsageNote",$6;
    print "$.data[" n "].ReqID",$7;
    print "$.data[" n "].SemanticDataType",$8;
  }
  n=n+1;
}'
+ sed 's/^\("[^":,]*":\),/\1null,/'
