# === tsv -> xml ============================================================
# see https://stackoverflow.com/questions/8024392/awk-replace-a-column-with-its-hash-value
cat eipa/source/EN_16931-1.txt | awk '{
  tmp="echo " $1 " | openssl md5 | cut -f2 -d\" \"";
  tmp | getline cksum;
  close(tmp);
  print cksum "\t" $0;
}' > $Tmp-cksum
+ cat eipa/source/EN_16931-1.txt
+ awk '{
  tmp="echo " $1 " | openssl md5 | cut -f2 -d\" \"";
  tmp | getline cksum;
  close(tmp);
  print cksum "\t" $0;
}'
cat $Tmp-cksum | awk -F'\t' 'BEGIN {
  printf "<?xml version=\"1.0\" encoding=\"UTF-8\"?>\n";
  printf "<link:linkbase xmlns:xsi=\"http://www.w3.org/2001/XMLSchema-instance\"";
  printf "  xmlns:link=\"http://www.xbrl.org/2003/linkbase\" xmlns:xlink=\"http://www.w3.org/1999/xlink\"";
  printf "  xsi:schemaLocation=\"http://www.xbrl.org/2003/linkbase http://www.xbrl.org/2003/xbrl-linkbase-2003-12-31.xsd\">";
  printf "  <link:labelLink xlink:type=\"extended\" xlink:role=\"http://www.xbrl.org/2003/role/link\">\n";
}
{ 
  if ("root"==$2 || match($2, /^B[GT]-[0-9]*$/) > 0) {
    id="_" $2;
    label="";
    for(i=5;i<=NF;i++) label=label $i" "; 
    printf "    <link:loc xlink:type=\"locator\" xlink:href=\"eipa-cen-2020-12-31.xsd#eipa-cen_%s\" xlink:label=\"%s%s\"/>\n", id, id, cksum;
    printf "    <link:label xlink:type=\"resource\" xlink:label=\"label_%s%s\" xlink:role=\"http://www.xbrl.org/2003/role/label\" xml:lang=\"en\" id=\"label_%s%s\">%s</link:label>\n", id, cksum, id, cksum, label;
    printf "    <link:labelArc xlink:type=\"arc\" xlink:arcrole=\"http://www.xbrl.org/2003/arcrole/concept-label\" xlink:from=\"%s%s\" xlink:to=\"label_%s%s\"/>\n", id, cksum, id, cksum;
  }
}
END {
  printf " </link:labelLink>\n";
  printf "</link:linkbase>";
}' > eipa/source/xBRL_label.xml
+ cat /tmp/text2label.sh.44105-cksum
+ awk '-F\t' 'BEGIN {
  printf "<?xml version=\"1.0\" encoding=\"UTF-8\"?>\n";
  printf "<link:linkbase xmlns:xsi=\"http://www.w3.org/2001/XMLSchema-instance\"";
  printf "  xmlns:link=\"http://www.xbrl.org/2003/linkbase\" xmlns:xlink=\"http://www.w3.org/1999/xlink\"";
  printf "  xsi:schemaLocation=\"http://www.xbrl.org/2003/linkbase http://www.xbrl.org/2003/xbrl-linkbase-2003-12-31.xsd\">";
  printf "  <link:labelLink xlink:type=\"extended\" xlink:role=\"http://www.xbrl.org/2003/role/link\">\n";
}
{ 
  if ("root"==$2 || match($2, /^B[GT]-[0-9]*$/) > 0) {
    id="_" $2;
    label="";
    for(i=5;i<=NF;i++) label=label $i" "; 
    printf "    <link:loc xlink:type=\"locator\" xlink:href=\"eipa-cen-2020-12-31.xsd#eipa-cen_%s\" xlink:label=\"%s%s\"/>\n", id, id, cksum;
    printf "    <link:label xlink:type=\"resource\" xlink:label=\"label_%s%s\" xlink:role=\"http://www.xbrl.org/2003/role/label\" xml:lang=\"en\" id=\"label_%s%s\">%s</link:label>\n", id, cksum, id, cksum, label;
    printf "    <link:labelArc xlink:type=\"arc\" xlink:arcrole=\"http://www.xbrl.org/2003/arcrole/concept-label\" xlink:from=\"%s%s\" xlink:to=\"label_%s%s\"/>\n", id, cksum, id, cksum;
  }
}
END {
  printf " </link:labelLink>\n";
  printf "</link:linkbase>";
}'

# --------------------------------------------------------------------
# rm $Tmp-*
# rm log/${0##*/}.$$.*
exit 0
+ exit 0
