# === tsv -> xml ============================================================
# seq parent code level type module term description
# 1   2      3    4     5    6      7    8
# see https://stackoverflow.com/questions/8024392/awk-replace-a-column-with-its-hash-value
cat gl/source/xBRL-GL.txt | awk -F'\t' -v module=$1 'BEGIN {
  tmp="echo " $3 " | openssl md5 | cut -f2 -d\" \"";
  tmp | getline cksum;
  close(tmp);
  print cksum "\t" $0;
}' > $Tmp-cksum
+ cat gl/source/xBRL-GL.txt
+ awk '-F\t' -v module=cor 'BEGIN {
  tmp="echo " $3 " | openssl md5 | cut -f2 -d\" \"";
  tmp | getline cksum;
  close(tmp);
  print cksum "\t" $0;
}'
cat $Tmp-cksum | awk -F'\t' -v module=$1 'BEGIN {
  printf "<?xml version=\"1.0\" encoding=\"UTF-8\"?>\n";
  printf "<link:linkbase xmlns:xsi=\"http://www.w3.org/2001/XMLSchema-instance\"";
  printf "  xmlns:link=\"http://www.xbrl.org/2003/linkbase\" xmlns:xlink=\"http://www.w3.org/1999/xlink\"";
  printf "  xsi:schemaLocation=\"http://www.xbrl.org/2003/linkbase http://www.xbrl.org/2003/xbrl-linkbase-2003-12-31.xsd\">";
  printf "  <link:labelLink xlink:type=\"extended\" xlink:role=\"http://www.xbrl.org/2003/role/link\">\n";
}
{
  code=$4;
  cksum="_" $1;
  label="";
  for(i=9;i<=NF;i++) label=label $i" "; 
  print code " " label;
  # printf "    <link:loc xlink:type=\"locator\" xlink:href=\"eipa-cen-2020-12-31.xsd#eipa-cen_%s\" xlink:label=\"%s%s\"/>\n", code, code, cksum;
  # printf "    <link:label xlink:type=\"resource\" xlink:label=\"label_%s%s\" xlink:role=\"http://www.xbrl.org/2003/role/label\" xml:lang=\"en\" code=\"label_%s%s\">%s</link:label>\n", code, cksum, code, cksum, label;
  # printf "    <link:labelArc xlink:type=\"arc\" xlink:arcrole=\"http://www.xbrl.org/2003/arcrole/concept-label\" xlink:from=\"%s%s\" xlink:to=\"label_%s%s\"/>\n", code, cksum, code, cksum;
}
END {
  printf " </link:labelLink>\n";
  printf "</link:linkbase>";
}' > gl/source/gl-"$1"-label.xml
+ cat /tmp/xBRL-GL2label.sh.31212-cksum
+ awk '-F\t' -v module=cor 'BEGIN {
  printf "<?xml version=\"1.0\" encoding=\"UTF-8\"?>\n";
  printf "<link:linkbase xmlns:xsi=\"http://www.w3.org/2001/XMLSchema-instance\"";
  printf "  xmlns:link=\"http://www.xbrl.org/2003/linkbase\" xmlns:xlink=\"http://www.w3.org/1999/xlink\"";
  printf "  xsi:schemaLocation=\"http://www.xbrl.org/2003/linkbase http://www.xbrl.org/2003/xbrl-linkbase-2003-12-31.xsd\">";
  printf "  <link:labelLink xlink:type=\"extended\" xlink:role=\"http://www.xbrl.org/2003/role/link\">\n";
}
{
  code=$4;
  cksum="_" $1;
  label="";
  for(i=9;i<=NF;i++) label=label $i" "; 
  print code " " label;
  # printf "    <link:loc xlink:type=\"locator\" xlink:href=\"eipa-cen-2020-12-31.xsd#eipa-cen_%s\" xlink:label=\"%s%s\"/>\n", code, code, cksum;
  # printf "    <link:label xlink:type=\"resource\" xlink:label=\"label_%s%s\" xlink:role=\"http://www.xbrl.org/2003/role/label\" xml:lang=\"en\" code=\"label_%s%s\">%s</link:label>\n", code, cksum, code, cksum, label;
  # printf "    <link:labelArc xlink:type=\"arc\" xlink:arcrole=\"http://www.xbrl.org/2003/arcrole/concept-label\" xlink:from=\"%s%s\" xlink:to=\"label_%s%s\"/>\n", code, cksum, code, cksum;
}
END {
  printf " </link:labelLink>\n";
  printf "</link:linkbase>";
}'

# --------------------------------------------------------------------
# rm $Tmp-*
# rm log/${0##*/}.$$.*
exit 0
+ exit 0
